SF:lib\src\aes_api.dart
DA:12,1
DA:14,1
DA:16,2
DA:17,2
DA:18,1
DA:19,1
DA:22,2
DA:23,1
DA:24,1
DA:25,2
DA:26,3
DA:29,2
DA:30,1
DA:32,1
DA:34,1
DA:35,2
DA:36,3
DA:38,1
DA:39,2
DA:40,1
DA:41,2
DA:42,3
DA:43,2
DA:44,1
DA:52,1
DA:53,1
DA:57,1
DA:58,1
DA:59,3
DA:60,4
DA:61,3
DA:63,1
DA:64,2
DA:65,1
DA:68,1
LF:35
LH:35
end_of_record
SF:lib\src\models\key_encrypt.dart
DA:15,1
DA:29,1
DA:30,1
DA:31,2
DA:32,1
DA:33,1
DA:34,3
DA:35,1
DA:36,1
DA:37,1
DA:38,1
DA:39,2
DA:41,1
DA:42,2
DA:44,3
DA:49,1
DA:50,1
DA:51,1
DA:52,1
DA:53,1
DA:54,1
DA:55,1
DA:56,1
DA:57,1
DA:58,1
DA:59,1
DA:60,1
LF:27
LH:27
end_of_record
